<?xml version="1.0" encoding="UTF-8"?>
<testsuite xmlns:xsi="http://www.w3.org/2001/XMLSchema-instance" xsi:noNamespaceSchemaLocation="https://maven.apache.org/surefire/maven-surefire-plugin/xsd/surefire-test-report-3.0.xsd" version="3.0" name="com.mycompany.rubricatelefonica.ContattoTest" time="0.133" tests="16" errors="0" skipped="0" failures="0">
  <properties>
[...]
</properties>
  <testcase name="testGetNumTel1" classname="com.mycompany.rubricatelefonica.ContattoTest" time="0.043">
    <system-out><![CDATA[getNumTel1
]]></system-out>
  </testcase>
  <testcase name="testGetNumTel2" classname="com.mycompany.rubricatelefonica.ContattoTest" time="0.002">
    <system-out><![CDATA[getNumTel2
]]></system-out>
  </testcase>
  <testcase name="testGetNumTel3" classname="com.mycompany.rubricatelefonica.ContattoTest" time="0.002">
    <system-out><![CDATA[getNumTel3
]]></system-out>
  </testcase>
  <testcase name="testSetCognome" classname="com.mycompany.rubricatelefonica.ContattoTest" time="0.002">
    <system-out><![CDATA[setCognome
]]></system-out>
  </testcase>
  <testcase name="testGetNome" classname="com.mycompany.rubricatelefonica.ContattoTest" time="0.002">
    <system-out><![CDATA[getNome
]]></system-out>
  </testcase>
  <testcase name="testSetNumTel1" classname="com.mycompany.rubricatelefonica.ContattoTest" time="0.001">
    <system-out><![CDATA[setNumTel1
]]></system-out>
  </testcase>
  <testcase name="testSetNumTel2" classname="com.mycompany.rubricatelefonica.ContattoTest" time="0.002">
    <system-out><![CDATA[setNumTel2
]]></system-out>
  </testcase>
  <testcase name="testSetNumTel3" classname="com.mycompany.rubricatelefonica.ContattoTest" time="0.002">
    <system-out><![CDATA[setNumTel3
]]></system-out>
  </testcase>
  <testcase name="testSetEmail1" classname="com.mycompany.rubricatelefonica.ContattoTest" time="0.002">
    <system-out><![CDATA[setEmail1
]]></system-out>
  </testcase>
  <testcase name="testSetEmail2" classname="com.mycompany.rubricatelefonica.ContattoTest" time="0.001">
    <system-out><![CDATA[setEmail2
]]></system-out>
  </testcase>
  <testcase name="testSetEmail3" classname="com.mycompany.rubricatelefonica.ContattoTest" time="0.002">
    <system-out><![CDATA[setEmail3
]]></system-out>
  </testcase>
  <testcase name="testGetEmail1" classname="com.mycompany.rubricatelefonica.ContattoTest" time="0.002">
    <system-out><![CDATA[getEmail1
]]></system-out>
  </testcase>
  <testcase name="testGetEmail2" classname="com.mycompany.rubricatelefonica.ContattoTest" time="0.002">
    <system-out><![CDATA[getEmail2
]]></system-out>
  </testcase>
  <testcase name="testGetEmail3" classname="com.mycompany.rubricatelefonica.ContattoTest" time="0.002">
    <system-out><![CDATA[getEmail3
]]></system-out>
  </testcase>
  <testcase name="testGetCognome" classname="com.mycompany.rubricatelefonica.ContattoTest" time="0.001">
    <system-out><![CDATA[getCognome
]]></system-out>
  </testcase>
  <testcase name="testSetNome" classname="com.mycompany.rubricatelefonica.ContattoTest" time="0.001">
    <system-out><![CDATA[setNome
]]></system-out>
  </testcase>
</testsuite>